<?xml version="1.0" encoding="UTF-8"?>
<testsuite xmlns:xsi="http://www.w3.org/2001/XMLSchema-instance" xsi:noNamespaceSchemaLocation="https://maven.apache.org/surefire/maven-surefire-plugin/xsd/surefire-test-report-3.0.xsd" version="3.0" name="org.openjtrace.cli.OpenJTraceCliTest" time="0.271" tests="5" errors="0" skipped="0" failures="0">
  <properties>
[...]
</properties>
  <testcase name="testRedisAnalyzerIntegration" classname="org.openjtrace.cli.OpenJTraceCliTest" time="0.101"/>
  <testcase name="testMyBatisXmlParser" classname="org.openjtrace.cli.OpenJTraceCliTest" time="0.008"/>
  <testcase name="testGitDiffResolver" classname="org.openjtrace.cli.OpenJTraceCliTest" time="0.022">
    <system-out><![CDATA[GitDiffResolver parsed diffs size: 7
]]></system-out>
  </testcase>
  <testcase name="testCliIntegrationScan" classname="org.openjtrace.cli.OpenJTraceCliTest" time="0.117">
    <system-out><![CDATA[====== [OpenJTrace] 开始扫描与分析 ======
 注册扫描目录: /Users/jingbei/jingbei/ziroom/antigravity/multi-repository/openjtrace/modules/cli/../../examples

[1/5] 解析 Maven 依赖...
   发现 Maven 模块数: 0

[2/5] 解析 Java 源代码...
   解析 Java 文件数: 12

[3/5] 构建依赖关联图...
   图构建完毕: 节点数 = 26, 边数 = 24

[4/5] 逆向影响链条追溯...
 -> 追溯 Target = SQL:org.openjtrace.example.mybatis.UserMapper#selectById
 发现受影响的调用链路共 1 条：

 🔗 链路 #1 (自上游接口 -> 变更源):
└── [HTTP_API] GET /api/user/get
   └── [METHOD] getUserInfo
      └── [METHOD] getUser
         └── [METHOD] getUser
            └── [METHOD] selectById
               └── [SQL_QUERY] select selectById

[5/5] 生成可视化 HTML 报告...
 报告已成功输出至: /var/folders/3x/hyf5ks454_s5jr6b6pqztlkh0000gn/T/openjtrace-report-test5951220917335821906.html

====== [OpenJTrace] 分析完成 ======
]]></system-out>
  </testcase>
  <testcase name="testMongoAnalyzerIntegration" classname="org.openjtrace.cli.OpenJTraceCliTest" time="0.009"/>
</testsuite>